<?xml version="1.0" encoding="UTF-8"?>
<!-- Generated by org.testng.reporters.JUnitXMLReporter -->
<testsuite ignored="12" hostname="LTIN293420" failures="4" tests="13" name="Test no 2" time="122.286" errors="0" timestamp="2024-03-05T20:07:45 IST">
  <testcase classname="smokeTestCases.TC_004_ValidLandingPageTitleTest" name="validLandingPage" time="0.034"/>
  <testcase classname="smokeTestCases.TC_005_CarLoanTabClickableTest" name="isCarLoanTabClickable" time="0.264"/>
  <testcase classname="testCases.TC_001_CarLoanDDT" name="carLoanTest" time="6.378">
    <failure type="java.lang.AssertionError" message="null">
      <![CDATA[java.lang.AssertionError: null
at testCases.TC_001_CarLoanDDT.carLoanTest(TC_001_CarLoanDDT.java:55)
at java.base/java.util.ArrayList.forEach(ArrayList.java:1511)
... Removed 29 stack frames]]>
    </failure>
  </testcase> <!-- carLoanTest -->
  <testcase classname="testCases.TC_002_HomeLoanDDT" name="homeLoanTest" time="9.408"/>
  <testcase classname="testCases.TC_002_HomeLoanDDT" name="homeLoanTest" time="4.273">
    <failure type="java.lang.AssertionError" message="expected [true] but found [false]">
      <![CDATA[java.lang.AssertionError: expected [true] but found [false]
at testCases.TC_002_HomeLoanDDT.homeLoanTest(TC_002_HomeLoanDDT.java:49)
at java.base/java.util.ArrayList.forEach(ArrayList.java:1511)
... Removed 31 stack frames]]>
    </failure>
  </testcase> <!-- homeLoanTest -->
  <testcase classname="testCases.TC_002_HomeLoanDDT" name="homeLoanTest" time="4.127">
    <failure type="java.lang.AssertionError" message="expected [true] but found [false]">
      <![CDATA[java.lang.AssertionError: expected [true] but found [false]
at testCases.TC_002_HomeLoanDDT.homeLoanTest(TC_002_HomeLoanDDT.java:49)
at java.base/java.util.ArrayList.forEach(ArrayList.java:1511)
... Removed 31 stack frames]]>
    </failure>
  </testcase> <!-- homeLoanTest -->
  <testcase classname="smokeTestCases.TC_006_LoanCalculatorYearMonthTentureValidationTest" name="isNavigatedToLoanCalculator" time="7.002"/>
  <testcase classname="smokeTestCases.TC_006_LoanCalculatorYearMonthTentureValidationTest" name="yearMonthBtnTesting" time="4.427"/>
  <testcase classname="smokeTestCases.TC_006_LoanCalculatorYearMonthTentureValidationTest" name="yearMonthBtnTesting" time="4.541">
    <failure type="java.lang.AssertionError" message="expected [true] but found [false]">
      <![CDATA[java.lang.AssertionError: expected [true] but found [false]
at smokeTestCases.TC_006_LoanCalculatorYearMonthTentureValidationTest.yearMonthBtnTesting(TC_006_LoanCalculatorYearMonthTentureValidationTest.java:73)
at java.base/java.util.ArrayList.forEach(ArrayList.java:1511)
... Removed 31 stack frames]]>
    </failure>
  </testcase> <!-- yearMonthBtnTesting -->
  <testcase classname="testCases.TC_003_LoanCalculatorDDT" name="LoanCalculatorTest" time="22.516"/>
  <testcase classname="testCases.TC_003_LoanCalculatorDDT" name="LoanAmountCalculatorTest" time="14.575"/>
  <testcase classname="testCases.TC_003_LoanCalculatorDDT" name="LoanTentureCalculatorTest" time="13.141"/>
  <testcase classname="smokeTestCases.TC_007_LoanCalculatorShareButtonTest" name="isShareBtnWorking" time="2.257"/>
  <testcase classname="testBase.BaseClass" name="@AfterTest tearDown" time="0.0">
    <ignored/>
  </testcase> <!-- @AfterTest tearDown -->
  <testcase classname="testBase.BaseClass" name="@BeforeTest setUp" time="0.0">
    <ignored/>
  </testcase> <!-- @BeforeTest setUp -->
  <testcase classname="testBase.BaseClass" name="@AfterTest tearDown" time="0.0">
    <ignored/>
  </testcase> <!-- @AfterTest tearDown -->
  <testcase classname="testBase.BaseClass" name="@BeforeTest setUp" time="0.0">
    <ignored/>
  </testcase> <!-- @BeforeTest setUp -->
  <testcase classname="testBase.BaseClass" name="@AfterTest tearDown" time="0.0">
    <ignored/>
  </testcase> <!-- @AfterTest tearDown -->
  <testcase classname="testBase.BaseClass" name="@AfterTest tearDown" time="0.0">
    <ignored/>
  </testcase> <!-- @AfterTest tearDown -->
  <testcase classname="testBase.BaseClass" name="@BeforeTest setUp" time="0.0">
    <ignored/>
  </testcase> <!-- @BeforeTest setUp -->
  <testcase classname="testBase.BaseClass" name="@AfterTest tearDown" time="0.0">
    <ignored/>
  </testcase> <!-- @AfterTest tearDown -->
  <testcase classname="testBase.BaseClass" name="@BeforeTest setUp" time="0.0">
    <ignored/>
  </testcase> <!-- @BeforeTest setUp -->
  <testcase classname="testBase.BaseClass" name="@AfterTest tearDown" time="0.0">
    <ignored/>
  </testcase> <!-- @AfterTest tearDown -->
  <testcase classname="testBase.BaseClass" name="@BeforeTest setUp" time="0.0">
    <ignored/>
  </testcase> <!-- @BeforeTest setUp -->
  <testcase classname="testBase.BaseClass" name="@BeforeTest setUp" time="0.0">
    <ignored/>
  </testcase> <!-- @BeforeTest setUp -->
</testsuite> <!-- Test no 2 -->
