<?xml version="1.0" encoding="UTF-8"?>
<!-- Generated by org.testng.reporters.JUnitXMLReporter -->
<testsuite ignored="12" hostname="LTIN293420" failures="1" tests="13" name="Test no 1" time="248.866" errors="0" timestamp="2024-03-09T13:10:43 IST">
  <testcase classname="smokeTestCases.TC_004_ValidLandingPageTitleTest" name="validLandingPage" time="0.686"/>
  <testcase classname="smokeTestCases.TC_005_CarLoanTabClickableTest" name="isCarLoanTabClickable" time="0.121"/>
  <testcase classname="testCases.TC_001_CarLoanDDT" name="carLoanTest" time="28.053"/>
  <testcase classname="testCases.TC_002_HomeLoanDDT" name="homeLoanTest" time="26.112"/>
  <testcase classname="testCases.TC_002_HomeLoanDDT" name="homeLoanTest" time="3.751"/>
  <testcase classname="testCases.TC_002_HomeLoanDDT" name="homeLoanTest" time="3.718"/>
  <testcase classname="smokeTestCases.TC_006_LoanCalculatorYearMonthTentureValidationTest" name="isNavigatedToLoanCalculator" time="6.657">
    <failure type="java.lang.AssertionError" message="expected [true] but found [false]">
      <![CDATA[java.lang.AssertionError: expected [true] but found [false]
at smokeTestCases.TC_006_LoanCalculatorYearMonthTentureValidationTest.isNavigatedToLoanCalculator(TC_006_LoanCalculatorYearMonthTentureValidationTest.java:39)
at java.base/java.util.ArrayList.forEach(ArrayList.java:1511)
... Removed 35 stack frames]]>
    </failure>
  </testcase> <!-- isNavigatedToLoanCalculator -->
  <testcase classname="smokeTestCases.TC_006_LoanCalculatorYearMonthTentureValidationTest" name="yearMonthBtnTesting" time="4.321"/>
  <testcase classname="smokeTestCases.TC_006_LoanCalculatorYearMonthTentureValidationTest" name="yearMonthBtnTesting" time="4.261"/>
  <testcase classname="testCases.TC_003_LoanCalculatorDDT" name="LoanCalculatorTest" time="68.077"/>
  <testcase classname="testCases.TC_003_LoanCalculatorDDT" name="LoanAmountCalculatorTest" time="42.708"/>
  <testcase classname="testCases.TC_003_LoanCalculatorDDT" name="LoanTentureCalculatorTest" time="39.034"/>
  <testcase classname="smokeTestCases.TC_007_LoanCalculatorShareButtonTest" name="isShareBtnWorking" time="2.21"/>
  <testcase classname="testBase.BaseClass" name="@BeforeTest setUp" time="0.0">
    <ignored/>
  </testcase> <!-- @BeforeTest setUp -->
  <testcase classname="testBase.BaseClass" name="@AfterTest tearDown" time="0.0">
    <ignored/>
  </testcase> <!-- @AfterTest tearDown -->
  <testcase classname="testBase.BaseClass" name="@AfterTest tearDown" time="0.0">
    <ignored/>
  </testcase> <!-- @AfterTest tearDown -->
  <testcase classname="testBase.BaseClass" name="@AfterTest tearDown" time="0.0">
    <ignored/>
  </testcase> <!-- @AfterTest tearDown -->
  <testcase classname="testBase.BaseClass" name="@BeforeTest setUp" time="0.0">
    <ignored/>
  </testcase> <!-- @BeforeTest setUp -->
  <testcase classname="testBase.BaseClass" name="@BeforeTest setUp" time="0.0">
    <ignored/>
  </testcase> <!-- @BeforeTest setUp -->
  <testcase classname="testBase.BaseClass" name="@BeforeTest setUp" time="0.0">
    <ignored/>
  </testcase> <!-- @BeforeTest setUp -->
  <testcase classname="testBase.BaseClass" name="@BeforeTest setUp" time="0.0">
    <ignored/>
  </testcase> <!-- @BeforeTest setUp -->
  <testcase classname="testBase.BaseClass" name="@AfterTest tearDown" time="0.0">
    <ignored/>
  </testcase> <!-- @AfterTest tearDown -->
  <testcase classname="testBase.BaseClass" name="@AfterTest tearDown" time="0.0">
    <ignored/>
  </testcase> <!-- @AfterTest tearDown -->
  <testcase classname="testBase.BaseClass" name="@AfterTest tearDown" time="0.0">
    <ignored/>
  </testcase> <!-- @AfterTest tearDown -->
  <testcase classname="testBase.BaseClass" name="@BeforeTest setUp" time="0.0">
    <ignored/>
  </testcase> <!-- @BeforeTest setUp -->
</testsuite> <!-- Test no 1 -->
