<html>
<head>
<title>TestNG:  Test no 1</title>
<link href="../testng.css" rel="stylesheet" type="text/css" />
<link href="../my-testng.css" rel="stylesheet" type="text/css" />

<style type="text/css">
.log { display: none;} 
.stack-trace { display: none;} 
</style>
<script type="text/javascript">
<!--
function flip(e) {
  current = e.style.display;
  if (current == 'block') {
    e.style.display = 'none';
    return 0;
  }
  else {
    e.style.display = 'block';
    return 1;
  }
}

function toggleBox(szDivId, elem, msg1, msg2)
{
  var res = -1;  if (document.getElementById) {
    res = flip(document.getElementById(szDivId));
  }
  else if (document.all) {
    // this is the way old msie versions work
    res = flip(document.all[szDivId]);
  }
  if(elem) {
    if(res == 0) elem.innerHTML = msg1; else elem.innerHTML = msg2;
  }

}

function toggleAllBoxes() {
  if (document.getElementsByTagName) {
    d = document.getElementsByTagName('div');
    for (i = 0; i < d.length; i++) {
      if (d[i].className == 'log') {
        flip(d[i]);
      }
    }
  }
}

// -->
</script>

</head>
<body>
<h2 align='center'>Test no 1</h2><table border='1' align="center">
<tr>
<td>Tests passed/Failed/Skipped:</td><td>12/1/0</td>
</tr><tr>
<td>Started on:</td><td>Sat Mar 09 13:06:33 IST 2024</td>
</tr>
<tr><td>Total time:</td><td>248 seconds (248866 ms)</td>
</tr><tr>
<td>Included groups:</td><td></td>
</tr><tr>
<td>Excluded groups:</td><td></td>
</tr>
</table><p/>
<small><i>(Hover the method name to see the test class name)</i></small><p/>
<table width='100%' border='1' class='invocation-failed'>
<tr><td colspan='4' align='center'><b>FAILED TESTS</b></td></tr>
<tr><td><b>Test method</b></td>
<td><b>Attribute(s)</b></td>
<td width="30%"><b>Exception</b></td>
<td width="10%"><b>Time (seconds)</b></td>
<td><b>Instance</b></td>
</tr>
<tr>
<td title='smokeTestCases.TC_006_LoanCalculatorYearMonthTentureValidationTest.isNavigatedToLoanCalculator()'><b>isNavigatedToLoanCalculator</b><br>Test class: smokeTestCases.TC_006_LoanCalculatorYearMonthTentureValidationTest</td>
<td><div><pre>java.lang.AssertionError: expected [true] but found [false]
	at smokeTestCases.TC_006_LoanCalculatorYearMonthTentureValidationTest.isNavigatedToLoanCalculator(TC_006_LoanCalculatorYearMonthTentureValidationTest.java:39)
	at java.base/java.util.ArrayList.forEach(ArrayList.java:1511)
... Removed 35 stack frames</pre></div><a href='#' onClick='toggleBox("stack-trace1497411918", this, "Click to show all stack frames", "Click to hide stack frames")'>Click to show all stack frames</a>
<div class='stack-trace' id='stack-trace1497411918'><pre>java.lang.AssertionError: expected [true] but found [false]
	at org.testng.Assert.fail(Assert.java:111)
	at org.testng.Assert.failNotEquals(Assert.java:1578)
	at org.testng.Assert.assertTrue(Assert.java:57)
	at org.testng.Assert.assertTrue(Assert.java:67)
	at smokeTestCases.TC_006_LoanCalculatorYearMonthTentureValidationTest.isNavigatedToLoanCalculator(TC_006_LoanCalculatorYearMonthTentureValidationTest.java:39)
	at java.base/jdk.internal.reflect.NativeMethodAccessorImpl.invoke0(Native Method)
	at java.base/jdk.internal.reflect.NativeMethodAccessorImpl.invoke(NativeMethodAccessorImpl.java:77)
	at java.base/jdk.internal.reflect.DelegatingMethodAccessorImpl.invoke(DelegatingMethodAccessorImpl.java:43)
	at java.base/java.lang.reflect.Method.invoke(Method.java:568)
	at org.testng.internal.invokers.MethodInvocationHelper.invokeMethod(MethodInvocationHelper.java:139)
	at org.testng.internal.invokers.TestInvoker.invokeMethod(TestInvoker.java:664)
	at org.testng.internal.invokers.TestInvoker.invokeTestMethod(TestInvoker.java:228)
	at org.testng.internal.invokers.MethodRunner.runInSequence(MethodRunner.java:63)
	at org.testng.internal.invokers.TestInvoker$MethodInvocationAgent.invoke(TestInvoker.java:961)
	at org.testng.internal.invokers.TestInvoker.invokeTestMethods(TestInvoker.java:201)
	at org.testng.internal.invokers.TestMethodWorker.invokeTestMethods(TestMethodWorker.java:148)
	at org.testng.internal.invokers.TestMethodWorker.run(TestMethodWorker.java:128)
	at java.base/java.util.ArrayList.forEach(ArrayList.java:1511)
	at org.testng.TestRunner.privateRun(TestRunner.java:819)
	at org.testng.TestRunner.run(TestRunner.java:619)
	at org.testng.SuiteRunner.runTest(SuiteRunner.java:443)
	at org.testng.SuiteRunner.runSequentially(SuiteRunner.java:437)
	at org.testng.SuiteRunner.privateRun(SuiteRunner.java:397)
	at org.testng.SuiteRunner.run(SuiteRunner.java:336)
	at org.testng.SuiteRunnerWorker.runSuite(SuiteRunnerWorker.java:52)
	at org.testng.SuiteRunnerWorker.run(SuiteRunnerWorker.java:95)
	at org.testng.TestNG.runSuitesSequentially(TestNG.java:1301)
	at org.testng.TestNG.runSuitesLocally(TestNG.java:1228)
	at org.testng.TestNG.runSuites(TestNG.java:1134)
	at org.testng.TestNG.run(TestNG.java:1101)
	at org.apache.maven.surefire.testng.TestNGExecutor.run(TestNGExecutor.java:308)
	at org.apache.maven.surefire.testng.TestNGXmlTestSuite.execute(TestNGXmlTestSuite.java:71)
	at org.apache.maven.surefire.testng.TestNGProvider.invoke(TestNGProvider.java:113)
	at org.apache.maven.surefire.booter.ForkedBooter.runSuitesInProcess(ForkedBooter.java:385)
	at org.apache.maven.surefire.booter.ForkedBooter.execute(ForkedBooter.java:162)
	at org.apache.maven.surefire.booter.ForkedBooter.run(ForkedBooter.java:507)
	at org.apache.maven.surefire.booter.ForkedBooter.main(ForkedBooter.java:495)
</pre></div></td>
<td>6</td>
<td>smokeTestCases.TC_006_LoanCalculatorYearMonthTentureValidationTest@4567f35d</td></tr>
</table><p>
<table width='100%' border='1' class='invocation-passed'>
<tr><td colspan='4' align='center'><b>PASSED TESTS</b></td></tr>
<tr><td><b>Test method</b></td>
<td><b>Attribute(s)</b></td>
<td width="30%"><b>Exception</b></td>
<td width="10%"><b>Time (seconds)</b></td>
<td><b>Instance</b></td>
</tr>
<tr>
<td title='smokeTestCases.TC_004_ValidLandingPageTitleTest.validLandingPage()'><b>validLandingPage</b><br>Test class: smokeTestCases.TC_004_ValidLandingPageTitleTest</td>
<td></td>
<td>0</td>
<td>smokeTestCases.TC_004_ValidLandingPageTitleTest@6aba2b86</td></tr>
<tr>
<td title='smokeTestCases.TC_006_LoanCalculatorYearMonthTentureValidationTest.yearMonthBtnTesting()'><b>yearMonthBtnTesting</b><br>Test class: smokeTestCases.TC_006_LoanCalculatorYearMonthTentureValidationTest<br>Parameters: 10.2, 122, Invalid</td>
<td></td>
<td>4</td>
<td>smokeTestCases.TC_006_LoanCalculatorYearMonthTentureValidationTest@4567f35d</td></tr>
<tr>
<td title='testCases.TC_002_HomeLoanDDT.homeLoanTest()'><b>homeLoanTest</b><br>Test class: testCases.TC_002_HomeLoanDDT<br>Parameters: 2500000, 10.5, 2, 2,13,450, 98,303, 25,78,303, Invalid</td>
<td></td>
<td>3</td>
<td>testCases.TC_002_HomeLoanDDT@2e005c4b</td></tr>
<tr>
<td title='smokeTestCases.TC_006_LoanCalculatorYearMonthTentureValidationTest.yearMonthBtnTesting()'><b>yearMonthBtnTesting</b><br>Test class: smokeTestCases.TC_006_LoanCalculatorYearMonthTentureValidationTest<br>Parameters: 7.5, 90, Valid</td>
<td></td>
<td>4</td>
<td>smokeTestCases.TC_006_LoanCalculatorYearMonthTentureValidationTest@4567f35d</td></tr>
<tr>
<td title='testCases.TC_003_LoanCalculatorDDT.LoanCalculatorTest()'><b>LoanCalculatorTest</b><br>Test class: testCases.TC_003_LoanCalculatorDDT<br>Parameters: 5000000, 9, 3, 50000, 1,58,998, 9.69, 7,23,952, 57,73,952</td>
<td></td>
<td>68</td>
<td>testCases.TC_003_LoanCalculatorDDT@5ffead27</td></tr>
<tr>
<td title='testCases.TC_001_CarLoanDDT.carLoanTest()'><b>carLoanTest</b><br>Test class: testCases.TC_001_CarLoanDDT<br>Parameters: 1500000, 9.5, 1, 1,31,525, 78,303, 15,78,303</td>
<td></td>
<td>28</td>
<td>testCases.TC_001_CarLoanDDT@694abbdc</td></tr>
<tr>
<td title='testCases.TC_003_LoanCalculatorDDT.LoanTentureCalculatorTest()'><b>LoanTentureCalculatorTest</b><br>Test class: testCases.TC_003_LoanCalculatorDDT<br>Parameters: 1500000, 73076.83, 2.5, 17500, 15,52,113</td>
<td></td>
<td>39</td>
<td>testCases.TC_003_LoanCalculatorDDT@5ffead27</td></tr>
<tr>
<td title='smokeTestCases.TC_007_LoanCalculatorShareButtonTest.isShareBtnWorking()'><b>isShareBtnWorking</b><br>Test class: smokeTestCases.TC_007_LoanCalculatorShareButtonTest</td>
<td></td>
<td>2</td>
<td>smokeTestCases.TC_007_LoanCalculatorShareButtonTest@6356695f</td></tr>
<tr>
<td title='testCases.TC_003_LoanCalculatorDDT.LoanAmountCalculatorTest()'><b>LoanAmountCalculatorTest</b><br>Test class: testCases.TC_003_LoanCalculatorDDT<br>Parameters: 20000, 9, 2, 25000, 5,05,000</td>
<td></td>
<td>42</td>
<td>testCases.TC_003_LoanCalculatorDDT@5ffead27</td></tr>
<tr>
<td title='testCases.TC_002_HomeLoanDDT.homeLoanTest()'><b>homeLoanTest</b><br>Test class: testCases.TC_002_HomeLoanDDT<br>Parameters: 1500000, 9.5, 1, 1,31,525, 78,303, 15,78,303, Valid</td>
<td></td>
<td>26</td>
<td>testCases.TC_002_HomeLoanDDT@2e005c4b</td></tr>
<tr>
<td title='smokeTestCases.TC_005_CarLoanTabClickableTest.isCarLoanTabClickable()'><b>isCarLoanTabClickable</b><br>Test class: smokeTestCases.TC_005_CarLoanTabClickableTest</td>
<td></td>
<td>0</td>
<td>smokeTestCases.TC_005_CarLoanTabClickableTest@44ebcd03</td></tr>
<tr>
<td title='testCases.TC_002_HomeLoanDDT.homeLoanTest()'><b>homeLoanTest</b><br>Test class: testCases.TC_002_HomeLoanDDT<br>Parameters: 3500000, 8.5, 3, 2,13,450, 98,303, 25,78,303, Invalid</td>
<td></td>
<td>3</td>
<td>testCases.TC_002_HomeLoanDDT@2e005c4b</td></tr>
</table><p>
</body>
</html>